  [1m[35m (15.4ms)[0m  [1m[34mSELECT pg_try_advisory_lock(34377518426153490)[0m
  ↳ bin/rails:9
  [1m[35m (17.9ms)[0m  [1m[34mSELECT "schema_migrations"."version" FROM "schema_migrations" ORDER BY "schema_migrations"."version" ASC[0m
  ↳ bin/rails:9
  [1m[36mActiveRecord::InternalMetadata Load (49.1ms)[0m  [1m[34mSELECT  "ar_internal_metadata".* FROM "ar_internal_metadata" WHERE "ar_internal_metadata"."key" = $1 LIMIT $2[0m  [["key", "environment"], ["LIMIT", 1]]
  ↳ bin/rails:9
  [1m[35m (0.1ms)[0m  [1m[35mBEGIN[0m
  ↳ bin/rails:9
  [1m[35m (0.1ms)[0m  [1m[35mCOMMIT[0m
  ↳ bin/rails:9
  [1m[35m (0.2ms)[0m  [1m[34mSELECT pg_advisory_unlock(34377518426153490)[0m
  ↳ bin/rails:9
  [1m[35m (0.2ms)[0m  [1m[34mSELECT "schema_migrations"."version" FROM "schema_migrations" ORDER BY "schema_migrations"."version" ASC[0m
  ↳ bin/rails:9
  [1m[35m (0.3ms)[0m  [1m[34mSELECT "schema_migrations"."version" FROM "schema_migrations" ORDER BY "schema_migrations"."version" ASC[0m
  ↳ bin/rails:9
  [1m[35m (0.1ms)[0m  [1m[35mBEGIN[0m
  ↳ db/seeds.rb:11
  [1m[36mCategory Create (32.8ms)[0m  [1m[32mINSERT INTO "categories" ("title", "created_at", "updated_at") VALUES ($1, $2, $3) RETURNING "id"[0m  [["title", "Short story"], ["created_at", "2018-11-20 17:41:43.644202"], ["updated_at", "2018-11-20 17:41:43.644202"]]
  ↳ db/seeds.rb:11
  [1m[35m (105.3ms)[0m  [1m[35mCOMMIT[0m
  ↳ db/seeds.rb:11
  [1m[35m (0.1ms)[0m  [1m[35mBEGIN[0m
  ↳ db/seeds.rb:17
  [1m[36mTask Create (35.0ms)[0m  [1m[32mINSERT INTO "tasks" ("created_at", "updated_at", "title", "deadline", "category_id", "image") VALUES ($1, $2, $3, $4, $5, $6) RETURNING "id"[0m  [["created_at", "2018-11-20 17:41:43.799600"], ["updated_at", "2018-11-20 17:41:43.799600"], ["title", "Time of our Darkness"], ["deadline", "2018-12-03 00:00:00"], ["category_id", 4], ["image", "https://robohash.org/adipiscitotamreprehenderit.png?size=300x300&set=set1"]]
  ↳ db/seeds.rb:17
  [1m[35m (42.0ms)[0m  [1m[35mCOMMIT[0m
  ↳ db/seeds.rb:17
  [1m[35m (0.1ms)[0m  [1m[35mBEGIN[0m
  ↳ db/seeds.rb:17
  [1m[36mTask Create (0.2ms)[0m  [1m[32mINSERT INTO "tasks" ("created_at", "updated_at", "title", "deadline", "category_id", "image") VALUES ($1, $2, $3, $4, $5, $6) RETURNING "id"[0m  [["created_at", "2018-11-20 17:41:43.878845"], ["updated_at", "2018-11-20 17:41:43.878845"], ["title", "Of Mice and Men"], ["deadline", "2018-11-22 00:00:00"], ["category_id", 4], ["image", "https://robohash.org/sintliberolabore.png?size=300x300&set=set1"]]
  ↳ db/seeds.rb:17
  [1m[35m (14.6ms)[0m  [1m[35mCOMMIT[0m
  ↳ db/seeds.rb:17
  [1m[35m (0.1ms)[0m  [1m[35mBEGIN[0m
  ↳ db/seeds.rb:17
  [1m[36mTask Create (0.2ms)[0m  [1m[32mINSERT INTO "tasks" ("created_at", "updated_at", "title", "deadline", "category_id", "image") VALUES ($1, $2, $3, $4, $5, $6) RETURNING "id"[0m  [["created_at", "2018-11-20 17:41:43.895295"], ["updated_at", "2018-11-20 17:41:43.895295"], ["title", "Have His Carcase"], ["deadline", "2018-12-02 00:00:00"], ["category_id", 4], ["image", "https://robohash.org/etsitsed.png?size=300x300&set=set1"]]
  ↳ db/seeds.rb:17
  [1m[35m (15.7ms)[0m  [1m[35mCOMMIT[0m
  ↳ db/seeds.rb:17
  [1m[35m (0.1ms)[0m  [1m[35mBEGIN[0m
  ↳ db/seeds.rb:11
  [1m[36mCategory Create (0.2ms)[0m  [1m[32mINSERT INTO "categories" ("title", "created_at", "updated_at") VALUES ($1, $2, $3) RETURNING "id"[0m  [["title", "Mythology"], ["created_at", "2018-11-20 17:41:43.912613"], ["updated_at", "2018-11-20 17:41:43.912613"]]
  ↳ db/seeds.rb:11
  [1m[35m (15.9ms)[0m  [1m[35mCOMMIT[0m
  ↳ db/seeds.rb:11
  [1m[35m (0.1ms)[0m  [1m[35mBEGIN[0m
  ↳ db/seeds.rb:17
  [1m[36mTask Create (0.2ms)[0m  [1m[32mINSERT INTO "tasks" ("created_at", "updated_at", "title", "deadline", "category_id", "image") VALUES ($1, $2, $3, $4, $5, $6) RETURNING "id"[0m  [["created_at", "2018-11-20 17:41:43.930095"], ["updated_at", "2018-11-20 17:41:43.930095"], ["title", "East of Eden"], ["deadline", "2018-11-26 00:00:00"], ["category_id", 5], ["image", "https://robohash.org/quasiculpanon.png?size=300x300&set=set1"]]
  ↳ db/seeds.rb:17
  [1m[35m (14.9ms)[0m  [1m[35mCOMMIT[0m
  ↳ db/seeds.rb:17
  [1m[35m (0.1ms)[0m  [1m[35mBEGIN[0m
  ↳ db/seeds.rb:17
  [1m[36mTask Create (0.3ms)[0m  [1m[32mINSERT INTO "tasks" ("created_at", "updated_at", "title", "deadline", "category_id", "image") VALUES ($1, $2, $3, $4, $5, $6) RETURNING "id"[0m  [["created_at", "2018-11-20 17:41:43.946951"], ["updated_at", "2018-11-20 17:41:43.946951"], ["title", "Far From the Madding Crowd"], ["deadline", "2018-12-01 00:00:00"], ["category_id", 5], ["image", "https://robohash.org/esttotamquidem.png?size=300x300&set=set1"]]
  ↳ db/seeds.rb:17
  [1m[35m (15.5ms)[0m  [1m[35mCOMMIT[0m
  ↳ db/seeds.rb:17
  [1m[35m (0.1ms)[0m  [1m[35mBEGIN[0m
  ↳ db/seeds.rb:17
  [1m[36mTask Create (0.2ms)[0m  [1m[32mINSERT INTO "tasks" ("created_at", "updated_at", "title", "deadline", "category_id", "image") VALUES ($1, $2, $3, $4, $5, $6) RETURNING "id"[0m  [["created_at", "2018-11-20 17:41:43.964588"], ["updated_at", "2018-11-20 17:41:43.964588"], ["title", "I Know Why the Caged Bird Sings"], ["deadline", "2018-12-03 00:00:00"], ["category_id", 5], ["image", "https://robohash.org/numquamquisint.png?size=300x300&set=set1"]]
  ↳ db/seeds.rb:17
  [1m[35m (97.2ms)[0m  [1m[35mCOMMIT[0m
  ↳ db/seeds.rb:17
  [1m[35m (0.1ms)[0m  [1m[35mBEGIN[0m
  ↳ db/seeds.rb:11
  [1m[36mCategory Create (0.2ms)[0m  [1m[32mINSERT INTO "categories" ("title", "created_at", "updated_at") VALUES ($1, $2, $3) RETURNING "id"[0m  [["title", "Essay"], ["created_at", "2018-11-20 17:41:44.063576"], ["updated_at", "2018-11-20 17:41:44.063576"]]
  ↳ db/seeds.rb:11
  [1m[35m (138.0ms)[0m  [1m[35mCOMMIT[0m
  ↳ db/seeds.rb:11
  [1m[35m (0.1ms)[0m  [1m[35mBEGIN[0m
  ↳ db/seeds.rb:17
  [1m[36mTask Create (0.3ms)[0m  [1m[32mINSERT INTO "tasks" ("created_at", "updated_at", "title", "deadline", "category_id", "image") VALUES ($1, $2, $3, $4, $5, $6) RETURNING "id"[0m  [["created_at", "2018-11-20 17:41:44.203451"], ["updated_at", "2018-11-20 17:41:44.203451"], ["title", "Gone with the Wind"], ["deadline", "2018-12-12 00:00:00"], ["category_id", 6], ["image", "https://robohash.org/inomnisvel.png?size=300x300&set=set1"]]
  ↳ db/seeds.rb:17
  [1m[35m (14.5ms)[0m  [1m[35mCOMMIT[0m
  ↳ db/seeds.rb:17
  [1m[35m (0.1ms)[0m  [1m[35mBEGIN[0m
  ↳ db/seeds.rb:17
  [1m[36mTask Create (0.2ms)[0m  [1m[32mINSERT INTO "tasks" ("created_at", "updated_at", "title", "deadline", "category_id", "image") VALUES ($1, $2, $3, $4, $5, $6) RETURNING "id"[0m  [["created_at", "2018-11-20 17:41:44.220018"], ["updated_at", "2018-11-20 17:41:44.220018"], ["title", "I Know Why the Caged Bird Sings"], ["deadline", "2018-12-04 00:00:00"], ["category_id", 6], ["image", "https://robohash.org/doloressuntnulla.png?size=300x300&set=set1"]]
  ↳ db/seeds.rb:17
  [1m[35m (37.5ms)[0m  [1m[35mCOMMIT[0m
  ↳ db/seeds.rb:17
  [1m[35m (0.1ms)[0m  [1m[35mBEGIN[0m
  ↳ db/seeds.rb:17
  [1m[36mTask Create (0.2ms)[0m  [1m[32mINSERT INTO "tasks" ("created_at", "updated_at", "title", "deadline", "category_id", "image") VALUES ($1, $2, $3, $4, $5, $6) RETURNING "id"[0m  [["created_at", "2018-11-20 17:41:44.259496"], ["updated_at", "2018-11-20 17:41:44.259496"], ["title", "The Golden Bowl"], ["deadline", "2018-12-09 00:00:00"], ["category_id", 6], ["image", "https://robohash.org/etquisquamnulla.png?size=300x300&set=set1"]]
  ↳ db/seeds.rb:17
  [1m[35m (14.6ms)[0m  [1m[35mCOMMIT[0m
  ↳ db/seeds.rb:17
Started GET "/" for 127.0.0.1 at 2018-11-20 18:42:09 +0100
  [1m[35m (0.5ms)[0m  [1m[34mSELECT "schema_migrations"."version" FROM "schema_migrations" ORDER BY "schema_migrations"."version" ASC[0m
  ↳ /var/lib/gems/2.5.0/gems/activerecord-5.2.1/lib/active_record/log_subscriber.rb:98
Processing by HomeController#index as HTML
  Rendering home/index.html.erb within layouts/application
  [1m[36mCategory Load (0.3ms)[0m  [1m[34mSELECT "categories".* FROM "categories"[0m
  ↳ app/views/layouts/_task_form.html.erb:18
  Rendered layouts/_task_form.html.erb (7.8ms)
  [1m[36mTask Load (0.5ms)[0m  [1m[34mSELECT "tasks".* FROM "tasks" WHERE "tasks"."category_id" = $1[0m  [["category_id", 1]]
  ↳ app/views/home/index.html.erb:20
  [1m[36mTask Load (0.6ms)[0m  [1m[34mSELECT "tasks".* FROM "tasks" WHERE "tasks"."category_id" = $1[0m  [["category_id", 2]]
  ↳ app/views/home/index.html.erb:20
  [1m[36mTask Load (0.4ms)[0m  [1m[34mSELECT "tasks".* FROM "tasks" WHERE "tasks"."category_id" = $1[0m  [["category_id", 3]]
  ↳ app/views/home/index.html.erb:20
  [1m[36mTask Load (0.4ms)[0m  [1m[34mSELECT "tasks".* FROM "tasks" WHERE "tasks"."category_id" = $1[0m  [["category_id", 4]]
  ↳ app/views/home/index.html.erb:20
  [1m[36mTask Load (0.3ms)[0m  [1m[34mSELECT "tasks".* FROM "tasks" WHERE "tasks"."category_id" = $1[0m  [["category_id", 5]]
  ↳ app/views/home/index.html.erb:20
  [1m[36mTask Load (0.3ms)[0m  [1m[34mSELECT "tasks".* FROM "tasks" WHERE "tasks"."category_id" = $1[0m  [["category_id", 6]]
  ↳ app/views/home/index.html.erb:20
  [1m[36mTask Load (0.4ms)[0m  [1m[34mSELECT "tasks".* FROM "tasks"[0m
  ↳ app/views/home/index.html.erb:44
  Rendered home/index.html.erb within layouts/application (108.2ms)
  Rendered layouts/_navbar.html.erb (2.8ms)
  Rendered layouts/_flash.html.erb (0.3ms)
Completed 200 OK in 18292ms (Views: 18272.3ms | ActiveRecord: 10.7ms)


Started GET "/" for 127.0.0.1 at 2018-11-20 18:46:03 +0100
Processing by HomeController#index as HTML
  Rendering home/index.html.erb within layouts/application
  [1m[36mCategory Load (2.1ms)[0m  [1m[34mSELECT "categories".* FROM "categories"[0m
  ↳ app/views/layouts/_task_form.html.erb:18
  Rendered layouts/_task_form.html.erb (13.1ms)
  [1m[36mTask Load (1.4ms)[0m  [1m[34mSELECT "tasks".* FROM "tasks" WHERE "tasks"."category_id" = $1[0m  [["category_id", 1]]
  ↳ app/views/home/index.html.erb:20
  [1m[36mTask Load (1.0ms)[0m  [1m[34mSELECT "tasks".* FROM "tasks" WHERE "tasks"."category_id" = $1[0m  [["category_id", 2]]
  ↳ app/views/home/index.html.erb:20
  [1m[36mTask Load (1.1ms)[0m  [1m[34mSELECT "tasks".* FROM "tasks" WHERE "tasks"."category_id" = $1[0m  [["category_id", 3]]
  ↳ app/views/home/index.html.erb:20
  [1m[36mTask Load (0.6ms)[0m  [1m[34mSELECT "tasks".* FROM "tasks" WHERE "tasks"."category_id" = $1[0m  [["category_id", 4]]
  ↳ app/views/home/index.html.erb:20
  [1m[36mTask Load (0.7ms)[0m  [1m[34mSELECT "tasks".* FROM "tasks" WHERE "tasks"."category_id" = $1[0m  [["category_id", 5]]
  ↳ app/views/home/index.html.erb:20
  [1m[36mTask Load (0.6ms)[0m  [1m[34mSELECT "tasks".* FROM "tasks" WHERE "tasks"."category_id" = $1[0m  [["category_id", 6]]
  ↳ app/views/home/index.html.erb:20
  [1m[36mTask Load (0.5ms)[0m  [1m[34mSELECT "tasks".* FROM "tasks"[0m
  ↳ app/views/home/index.html.erb:44
  Rendered home/index.html.erb within layouts/application (74.0ms)
  Rendered layouts/_navbar.html.erb (3.4ms)
  Rendered layouts/_flash.html.erb (1.1ms)
Completed 200 OK in 3045ms (Views: 3030.9ms | ActiveRecord: 8.4ms)


Started GET "/" for 127.0.0.1 at 2018-11-20 18:48:21 +0100
Processing by HomeController#index as HTML
  Rendering home/index.html.erb within layouts/application
  [1m[36mCategory Load (0.9ms)[0m  [1m[34mSELECT "categories".* FROM "categories"[0m
  ↳ app/views/layouts/_task_form.html.erb:18
  Rendered layouts/_task_form.html.erb (7.9ms)
  [1m[36mTask Load (0.7ms)[0m  [1m[34mSELECT "tasks".* FROM "tasks" WHERE "tasks"."category_id" = $1[0m  [["category_id", 1]]
  ↳ app/views/home/index.html.erb:20
  [1m[36mTask Load (0.7ms)[0m  [1m[34mSELECT "tasks".* FROM "tasks" WHERE "tasks"."category_id" = $1[0m  [["category_id", 2]]
  ↳ app/views/home/index.html.erb:20
  [1m[36mTask Load (0.7ms)[0m  [1m[34mSELECT "tasks".* FROM "tasks" WHERE "tasks"."category_id" = $1[0m  [["category_id", 3]]
  ↳ app/views/home/index.html.erb:20
  [1m[36mTask Load (0.7ms)[0m  [1m[34mSELECT "tasks".* FROM "tasks" WHERE "tasks"."category_id" = $1[0m  [["category_id", 4]]
  ↳ app/views/home/index.html.erb:20
  [1m[36mTask Load (0.7ms)[0m  [1m[34mSELECT "tasks".* FROM "tasks" WHERE "tasks"."category_id" = $1[0m  [["category_id", 5]]
  ↳ app/views/home/index.html.erb:20
  [1m[36mTask Load (0.7ms)[0m  [1m[34mSELECT "tasks".* FROM "tasks" WHERE "tasks"."category_id" = $1[0m  [["category_id", 6]]
  ↳ app/views/home/index.html.erb:20
  [1m[36mTask Load (1.5ms)[0m  [1m[34mSELECT "tasks".* FROM "tasks"[0m
  ↳ app/views/home/index.html.erb:44
  Rendered home/index.html.erb within layouts/application (55.9ms)
  Rendered layouts/_navbar.html.erb (1.0ms)
  Rendered layouts/_flash.html.erb (0.3ms)
Completed 200 OK in 2127ms (Views: 2116.8ms | ActiveRecord: 6.6ms)


Started GET "/" for 127.0.0.1 at 2018-11-20 18:59:51 +0100
Processing by HomeController#index as HTML
  Rendering home/index.html.erb within layouts/application
  [1m[36mCategory Load (1.0ms)[0m  [1m[34mSELECT "categories".* FROM "categories"[0m
  ↳ app/views/layouts/_task_form.html.erb:18
  Rendered layouts/_task_form.html.erb (5.1ms)
  [1m[36mTask Load (1.7ms)[0m  [1m[34mSELECT  "tasks".* FROM "tasks" LIMIT $1[0m  [["LIMIT", 11]]
  ↳ /usr/lib/ruby/vendor_ruby/did_you_mean/core_ext/name_error.rb:8
  [1m[36mCACHE Task Load (0.0ms)[0m  [1m[34mSELECT  "tasks".* FROM "tasks" LIMIT $1[0m  [["LIMIT", 11]]
  ↳ /usr/lib/ruby/vendor_ruby/did_you_mean/core_ext/name_error.rb:8
  [1m[36mCACHE Task Load (0.0ms)[0m  [1m[34mSELECT  "tasks".* FROM "tasks" LIMIT $1[0m  [["LIMIT", 11]]
  ↳ /usr/lib/ruby/vendor_ruby/did_you_mean/core_ext/name_error.rb:8
  [1m[36mCACHE Task Load (0.0ms)[0m  [1m[34mSELECT  "tasks".* FROM "tasks" LIMIT $1[0m  [["LIMIT", 11]]
  ↳ /usr/lib/ruby/vendor_ruby/did_you_mean/core_ext/name_error.rb:8
  [1m[36mCACHE Task Load (0.0ms)[0m  [1m[34mSELECT  "tasks".* FROM "tasks" LIMIT $1[0m  [["LIMIT", 11]]
  ↳ /usr/lib/ruby/vendor_ruby/did_you_mean/core_ext/name_error.rb:4
  [1m[36mCACHE Task Load (0.0ms)[0m  [1m[34mSELECT  "tasks".* FROM "tasks" LIMIT $1[0m  [["LIMIT", 11]]
  ↳ /usr/lib/ruby/vendor_ruby/did_you_mean/core_ext/name_error.rb:4
  [1m[36mCACHE Task Load (0.0ms)[0m  [1m[34mSELECT  "tasks".* FROM "tasks" LIMIT $1[0m  [["LIMIT", 11]]
  ↳ /usr/lib/ruby/vendor_ruby/did_you_mean/core_ext/name_error.rb:4
  [1m[36mCACHE Task Load (0.0ms)[0m  [1m[34mSELECT  "tasks".* FROM "tasks" LIMIT $1[0m  [["LIMIT", 11]]
  ↳ /usr/lib/ruby/vendor_ruby/did_you_mean/core_ext/name_error.rb:4
  Rendered home/index.html.erb within layouts/application (733.5ms)
Completed 500 Internal Server Error in 741ms (ActiveRecord: 2.8ms)


  
ActionView::Template::Error (undefined local variable or method `i' for #<#<Class:0x0000559026ce95a8>:0x00007f3302ef8c88>):
     5: 
     6:     <div class="tab">
     7:       <% @categories.each do  |category|%>
     8:         <button type="button" name="button" onclick="tabDisplay(<%= i %>)"><%= category.title  %></button>
     9:       <% end %>
    10:     </div>
    11: 
  
app/views/home/index.html.erb:8:in `block in _app_views_home_index_html_erb__1211979429176529430_69928534657940'
app/views/home/index.html.erb:7:in `_app_views_home_index_html_erb__1211979429176529430_69928534657940'
Started GET "/" for 127.0.0.1 at 2018-11-20 19:00:09 +0100
Processing by HomeController#index as HTML
  Rendering home/index.html.erb within layouts/application
  [1m[36mCategory Load (0.9ms)[0m  [1m[34mSELECT "categories".* FROM "categories"[0m
  ↳ app/views/layouts/_task_form.html.erb:18
  Rendered layouts/_task_form.html.erb (9.9ms)
  [1m[36mTask Load (0.9ms)[0m  [1m[34mSELECT "tasks".* FROM "tasks" WHERE "tasks"."category_id" = $1[0m  [["category_id", 1]]
  ↳ app/views/home/index.html.erb:20
  [1m[36mTask Load (1.2ms)[0m  [1m[34mSELECT "tasks".* FROM "tasks" WHERE "tasks"."category_id" = $1[0m  [["category_id", 2]]
  ↳ app/views/home/index.html.erb:20
  [1m[36mTask Load (1.0ms)[0m  [1m[34mSELECT "tasks".* FROM "tasks" WHERE "tasks"."category_id" = $1[0m  [["category_id", 3]]
  ↳ app/views/home/index.html.erb:20
  [1m[36mTask Load (1.3ms)[0m  [1m[34mSELECT "tasks".* FROM "tasks" WHERE "tasks"."category_id" = $1[0m  [["category_id", 4]]
  ↳ app/views/home/index.html.erb:20
  [1m[36mTask Load (1.2ms)[0m  [1m[34mSELECT "tasks".* FROM "tasks" WHERE "tasks"."category_id" = $1[0m  [["category_id", 5]]
  ↳ app/views/home/index.html.erb:20
  [1m[36mTask Load (1.0ms)[0m  [1m[34mSELECT "tasks".* FROM "tasks" WHERE "tasks"."category_id" = $1[0m  [["category_id", 6]]
  ↳ app/views/home/index.html.erb:20
  [1m[36mTask Load (1.0ms)[0m  [1m[34mSELECT "tasks".* FROM "tasks"[0m
  ↳ app/views/home/index.html.erb:44
  Rendered home/index.html.erb within layouts/application (65.7ms)
  Rendered layouts/_navbar.html.erb (3.0ms)
  Rendered layouts/_flash.html.erb (0.6ms)
Completed 200 OK in 168ms (Views: 154.2ms | ActiveRecord: 9.1ms)


Started GET "/" for 127.0.0.1 at 2018-11-20 20:31:30 +0100
  [1m[35m (1.5ms)[0m  [1m[34mSELECT "schema_migrations"."version" FROM "schema_migrations" ORDER BY "schema_migrations"."version" ASC[0m
  ↳ /var/lib/gems/2.5.0/gems/activerecord-5.2.1/lib/active_record/log_subscriber.rb:98
Processing by HomeController#index as HTML
  Rendering home/index.html.erb within layouts/application
  [1m[36mCategory Load (1.1ms)[0m  [1m[34mSELECT "categories".* FROM "categories"[0m
  ↳ app/views/layouts/_task_form.html.erb:18
  Rendered layouts/_task_form.html.erb (43.5ms)
  [1m[36mTask Load (1.0ms)[0m  [1m[34mSELECT "tasks".* FROM "tasks" WHERE "tasks"."category_id" = $1[0m  [["category_id", 1]]
  ↳ app/views/home/index.html.erb:20
  [1m[36mTask Load (0.7ms)[0m  [1m[34mSELECT "tasks".* FROM "tasks" WHERE "tasks"."category_id" = $1[0m  [["category_id", 2]]
  ↳ app/views/home/index.html.erb:20
  [1m[36mTask Load (0.8ms)[0m  [1m[34mSELECT "tasks".* FROM "tasks" WHERE "tasks"."category_id" = $1[0m  [["category_id", 3]]
  ↳ app/views/home/index.html.erb:20
  [1m[36mTask Load (3.2ms)[0m  [1m[34mSELECT "tasks".* FROM "tasks" WHERE "tasks"."category_id" = $1[0m  [["category_id", 4]]
  ↳ app/views/home/index.html.erb:20
  [1m[36mTask Load (0.8ms)[0m  [1m[34mSELECT "tasks".* FROM "tasks" WHERE "tasks"."category_id" = $1[0m  [["category_id", 5]]
  ↳ app/views/home/index.html.erb:20
  [1m[36mTask Load (0.7ms)[0m  [1m[34mSELECT "tasks".* FROM "tasks" WHERE "tasks"."category_id" = $1[0m  [["category_id", 6]]
  ↳ app/views/home/index.html.erb:20
  [1m[36mTask Load (1.6ms)[0m  [1m[34mSELECT "tasks".* FROM "tasks" WHERE "tasks"."category_id" = $1[0m  [["category_id", 7]]
  ↳ app/views/home/index.html.erb:20
  [1m[36mTask Load (0.8ms)[0m  [1m[34mSELECT "tasks".* FROM "tasks" WHERE "tasks"."category_id" = $1[0m  [["category_id", 8]]
  ↳ app/views/home/index.html.erb:20
  [1m[36mTask Load (0.3ms)[0m  [1m[34mSELECT "tasks".* FROM "tasks" WHERE "tasks"."category_id" = $1[0m  [["category_id", 9]]
  ↳ app/views/home/index.html.erb:20
  [1m[36mTask Load (0.3ms)[0m  [1m[34mSELECT "tasks".* FROM "tasks"[0m
  ↳ app/views/home/index.html.erb:44
  Rendered home/index.html.erb within layouts/application (194.4ms)
  Rendered layouts/_navbar.html.erb (11.7ms)
  Rendered layouts/_flash.html.erb (1.1ms)
Completed 200 OK in 1185ms (Views: 1072.4ms | ActiveRecord: 37.5ms)


Started GET "/" for 127.0.0.1 at 2018-11-20 20:34:17 +0100
  [1m[35m (0.4ms)[0m  [1m[34mSELECT "schema_migrations"."version" FROM "schema_migrations" ORDER BY "schema_migrations"."version" ASC[0m
  ↳ /var/lib/gems/2.5.0/gems/activerecord-5.2.1/lib/active_record/log_subscriber.rb:98
Processing by HomeController#index as HTML
  Rendering home/index.html.erb within layouts/application
  [1m[36mCategory Load (0.3ms)[0m  [1m[34mSELECT "categories".* FROM "categories"[0m
  ↳ app/views/layouts/_task_form.html.erb:18
  Rendered layouts/_task_form.html.erb (12.9ms)
  [1m[36mTask Load (0.2ms)[0m  [1m[34mSELECT "tasks".* FROM "tasks" WHERE "tasks"."category_id" = $1[0m  [["category_id", 1]]
  ↳ app/views/home/index.html.erb:20
  [1m[36mTask Load (0.2ms)[0m  [1m[34mSELECT "tasks".* FROM "tasks" WHERE "tasks"."category_id" = $1[0m  [["category_id", 2]]
  ↳ app/views/home/index.html.erb:20
  [1m[36mTask Load (0.2ms)[0m  [1m[34mSELECT "tasks".* FROM "tasks" WHERE "tasks"."category_id" = $1[0m  [["category_id", 3]]
  ↳ app/views/home/index.html.erb:20
  [1m[36mTask Load (0.2ms)[0m  [1m[34mSELECT "tasks".* FROM "tasks" WHERE "tasks"."category_id" = $1[0m  [["category_id", 4]]
  ↳ app/views/home/index.html.erb:20
  [1m[36mTask Load (1.5ms)[0m  [1m[34mSELECT "tasks".* FROM "tasks" WHERE "tasks"."category_id" = $1[0m  [["category_id", 5]]
  ↳ app/views/home/index.html.erb:20
  [1m[36mTask Load (0.6ms)[0m  [1m[34mSELECT "tasks".* FROM "tasks" WHERE "tasks"."category_id" = $1[0m  [["category_id", 6]]
  ↳ app/views/home/index.html.erb:20
  [1m[36mTask Load (0.3ms)[0m  [1m[34mSELECT "tasks".* FROM "tasks" WHERE "tasks"."category_id" = $1[0m  [["category_id", 7]]
  ↳ app/views/home/index.html.erb:20
  [1m[36mTask Load (0.2ms)[0m  [1m[34mSELECT "tasks".* FROM "tasks" WHERE "tasks"."category_id" = $1[0m  [["category_id", 8]]
  ↳ app/views/home/index.html.erb:20
  [1m[36mTask Load (0.2ms)[0m  [1m[34mSELECT "tasks".* FROM "tasks" WHERE "tasks"."category_id" = $1[0m  [["category_id", 9]]
  ↳ app/views/home/index.html.erb:20
  [1m[36mTask Load (0.4ms)[0m  [1m[34mSELECT "tasks".* FROM "tasks"[0m
  ↳ app/views/home/index.html.erb:44
  Rendered home/index.html.erb within layouts/application (51.9ms)
  Rendered layouts/_navbar.html.erb (5.0ms)
  Rendered layouts/_flash.html.erb (0.3ms)
Completed 200 OK in 382ms (Views: 353.9ms | ActiveRecord: 11.8ms)


Started GET "/" for 127.0.0.1 at 2018-11-20 20:34:19 +0100
Processing by HomeController#index as HTML
  Rendering home/index.html.erb within layouts/application
  [1m[36mCategory Load (0.8ms)[0m  [1m[34mSELECT "categories".* FROM "categories"[0m
  ↳ app/views/layouts/_task_form.html.erb:18
  Rendered layouts/_task_form.html.erb (11.4ms)
  [1m[36mTask Load (0.6ms)[0m  [1m[34mSELECT "tasks".* FROM "tasks" WHERE "tasks"."category_id" = $1[0m  [["category_id", 1]]
  ↳ app/views/home/index.html.erb:20
  [1m[36mTask Load (0.8ms)[0m  [1m[34mSELECT "tasks".* FROM "tasks" WHERE "tasks"."category_id" = $1[0m  [["category_id", 2]]
  ↳ app/views/home/index.html.erb:20
  [1m[36mTask Load (0.9ms)[0m  [1m[34mSELECT "tasks".* FROM "tasks" WHERE "tasks"."category_id" = $1[0m  [["category_id", 3]]
  ↳ app/views/home/index.html.erb:20
  [1m[36mTask Load (0.7ms)[0m  [1m[34mSELECT "tasks".* FROM "tasks" WHERE "tasks"."category_id" = $1[0m  [["category_id", 4]]
  ↳ app/views/home/index.html.erb:20
  [1m[36mTask Load (0.5ms)[0m  [1m[34mSELECT "tasks".* FROM "tasks" WHERE "tasks"."category_id" = $1[0m  [["category_id", 5]]
  ↳ app/views/home/index.html.erb:20
  [1m[36mTask Load (0.7ms)[0m  [1m[34mSELECT "tasks".* FROM "tasks" WHERE "tasks"."category_id" = $1[0m  [["category_id", 6]]
  ↳ app/views/home/index.html.erb:20
  [1m[36mTask Load (1.2ms)[0m  [1m[34mSELECT "tasks".* FROM "tasks" WHERE "tasks"."category_id" = $1[0m  [["category_id", 7]]
  ↳ app/views/home/index.html.erb:20
  [1m[36mTask Load (0.3ms)[0m  [1m[34mSELECT "tasks".* FROM "tasks" WHERE "tasks"."category_id" = $1[0m  [["category_id", 8]]
  ↳ app/views/home/index.html.erb:20
  [1m[36mTask Load (0.3ms)[0m  [1m[34mSELECT "tasks".* FROM "tasks" WHERE "tasks"."category_id" = $1[0m  [["category_id", 9]]
  ↳ app/views/home/index.html.erb:20
  [1m[36mTask Load (0.9ms)[0m  [1m[34mSELECT "tasks".* FROM "tasks"[0m
  ↳ app/views/home/index.html.erb:44
  Rendered home/index.html.erb within layouts/application (73.5ms)
  Rendered layouts/_navbar.html.erb (3.9ms)
  Rendered layouts/_flash.html.erb (0.6ms)
Completed 200 OK in 217ms (Views: 204.5ms | ActiveRecord: 7.7ms)


Started GET "/" for 127.0.0.1 at 2018-11-20 20:34:54 +0100
Processing by HomeController#index as HTML
  Rendering home/index.html.erb within layouts/application
  [1m[36mCategory Load (0.8ms)[0m  [1m[34mSELECT "categories".* FROM "categories"[0m
  ↳ app/views/layouts/_task_form.html.erb:18
  Rendered layouts/_task_form.html.erb (9.1ms)
  [1m[36mTask Load (0.7ms)[0m  [1m[34mSELECT "tasks".* FROM "tasks" WHERE "tasks"."category_id" = $1[0m  [["category_id", 1]]
  ↳ app/views/home/index.html.erb:20
  [1m[36mTask Load (0.7ms)[0m  [1m[34mSELECT "tasks".* FROM "tasks" WHERE "tasks"."category_id" = $1[0m  [["category_id", 2]]
  ↳ app/views/home/index.html.erb:20
  [1m[36mTask Load (0.5ms)[0m  [1m[34mSELECT "tasks".* FROM "tasks" WHERE "tasks"."category_id" = $1[0m  [["category_id", 3]]
  ↳ app/views/home/index.html.erb:20
  [1m[36mTask Load (0.5ms)[0m  [1m[34mSELECT "tasks".* FROM "tasks" WHERE "tasks"."category_id" = $1[0m  [["category_id", 4]]
  ↳ app/views/home/index.html.erb:20
  [1m[36mTask Load (0.6ms)[0m  [1m[34mSELECT "tasks".* FROM "tasks" WHERE "tasks"."category_id" = $1[0m  [["category_id", 5]]
  ↳ app/views/home/index.html.erb:20
  [1m[36mTask Load (0.6ms)[0m  [1m[34mSELECT "tasks".* FROM "tasks" WHERE "tasks"."category_id" = $1[0m  [["category_id", 6]]
  ↳ app/views/home/index.html.erb:20
  [1m[36mTask Load (0.6ms)[0m  [1m[34mSELECT "tasks".* FROM "tasks" WHERE "tasks"."category_id" = $1[0m  [["category_id", 7]]
  ↳ app/views/home/index.html.erb:20
  [1m[36mTask Load (0.7ms)[0m  [1m[34mSELECT "tasks".* FROM "tasks" WHERE "tasks"."category_id" = $1[0m  [["category_id", 8]]
  ↳ app/views/home/index.html.erb:20
  [1m[36mTask Load (0.6ms)[0m  [1m[34mSELECT "tasks".* FROM "tasks" WHERE "tasks"."category_id" = $1[0m  [["category_id", 9]]
  ↳ app/views/home/index.html.erb:20
  [1m[36mTask Load (0.9ms)[0m  [1m[34mSELECT "tasks".* FROM "tasks"[0m
  ↳ app/views/home/index.html.erb:44
  Rendered home/index.html.erb within layouts/application (55.4ms)
  Rendered layouts/_navbar.html.erb (2.8ms)
  Rendered layouts/_flash.html.erb (0.7ms)
Completed 200 OK in 133ms (Views: 122.6ms | ActiveRecord: 7.1ms)


